Configuring conduit-1.2.8...
Building conduit-1.2.8...
Preprocessing library conduit-1.2.8...
[1 of 8] Compiling Data.Conduit.Internal.Pipe ( Data\Conduit\Internal\Pipe.hs, .stack-work\dist\b7fec021\build\Data\Conduit\Internal\Pipe.o )

Data\Conduit\Internal\Pipe.hs:222:11: warning: [-Winline-rule-shadowing]
    Rule "conduit: CI.await >>= maybe" may never fire
      because `maybe' might inline first
    Probable fix: add an INLINE[n] or NOINLINE[n] pragma for `maybe'

Data\Conduit\Internal\Pipe.hs:231:11: warning: [-Winline-rule-shadowing]
    Rule "conduit: awaitE >>= either" may never fire
      because `either' might inline first
    Probable fix: add an INLINE[n] or NOINLINE[n] pragma for `either'

Data\Conduit\Internal\Pipe.hs:263:1: warning: [-Wredundant-constraints]
    * Redundant constraint: Monad m
    * In the type signature for:
           yieldOr :: Monad m => o -> m () -> Pipe l i o u m ()

Data\Conduit\Internal\Pipe.hs:273:5: warning: [-Winline-rule-shadowing]
    Rule "lift m >>= CI.yield" may never fire
      because `lift' might inline first
    Probable fix: add an INLINE[n] or NOINLINE[n] pragma for `lift'

Data\Conduit\Internal\Pipe.hs:634:11: warning: [-Winline-rule-shadowing]
    Rule "conduit: Pipe: lift x >>= f" may never fire
      because `lift' might inline first
    Probable fix: add an INLINE[n] or NOINLINE[n] pragma for `lift'

Data\Conduit\Internal\Pipe.hs:635:11: warning: [-Winline-rule-shadowing]
    Rule "conduit: Pipe: lift x >> f" may never fire
      because `lift' might inline first
    Probable fix: add an INLINE[n] or NOINLINE[n] pragma for `lift'
[2 of 8] Compiling Data.Conduit.Internal.Conduit ( Data\Conduit\Internal\Conduit.hs, .stack-work\dist\b7fec021\build\Data\Conduit\Internal\Conduit.o )

Data\Conduit\Internal\Conduit.hs:88:1: warning: [-Wdodgy-imports]
    Module `Prelude' does not export `catch'

Data\Conduit\Internal\Conduit.hs:248:10: warning: [-Wredundant-constraints]
    * Redundant constraint: Monad m
    * In the instance declaration for `Monoid (ConduitM i o m ())'

Data\Conduit\Internal\Conduit.hs:820:1: warning: [-Wredundant-constraints]
    * Redundant constraint: Monad m
    * In the type signature for:
           await :: Monad m => Consumer i m (Maybe i)

Data\Conduit\Internal\Conduit.hs:824:1: warning: [-Wredundant-constraints]
    * Redundant constraint: Monad m
    * In the type signature for:
           await' :: Monad m =>
                     ConduitM i o m r -> (i -> ConduitM i o m r) -> ConduitM i o m r

Data\Conduit\Internal\Conduit.hs:832:11: warning: [-Winline-rule-shadowing]
    Rule "conduit: await >>= maybe" may never fire
      because `maybe' might inline first
    Probable fix: add an INLINE[n] or NOINLINE[n] pragma for `maybe'

Data\Conduit\Internal\Conduit.hs:926:1: warning: [-Wredundant-constraints]
    * Redundant constraint: Monad m
    * In the type signature for:
           yieldOr :: Monad m => o -> m () -> ConduitM i o m ()

Data\Conduit\Internal\Conduit.hs:940:1: warning: [-Wredundant-constraints]
    * Redundant constraint: Monad m
    * In the type signature for:
           awaitForever :: Monad m =>
                           (i -> ConduitM i o m r) -> ConduitM i o m ()

Data\Conduit\Internal\Conduit.hs:1110:10: warning: [-Wredundant-constraints]
    * Redundant constraint: Monad m
    * In the instance declaration for `Functor (ZipSink i m)'
[3 of 8] Compiling Data.Conduit.Internal.Fusion ( Data\Conduit\Internal\Fusion.hs, .stack-work\dist\b7fec021\build\Data\Conduit\Internal\Fusion.o )
[4 of 8] Compiling Data.Conduit.Internal.List.Stream ( Data\Conduit\Internal\List\Stream.hs, .stack-work\dist\b7fec021\build\Data\Conduit\Internal\List\Stream.o )
[5 of 8] Compiling Data.Conduit.Internal ( Data\Conduit\Internal.hs, .stack-work\dist\b7fec021\build\Data\Conduit\Internal.o )
[6 of 8] Compiling Data.Conduit     ( Data\Conduit.hs, .stack-work\dist\b7fec021\build\Data\Conduit.o )
[7 of 8] Compiling Data.Conduit.List ( Data\Conduit\List.hs, .stack-work\dist\b7fec021\build\Data\Conduit\List.o )

Data\Conduit\List.hs:761:1: warning: [-Wredundant-constraints]
    * Redundant constraint: Monad m
    * In the type signature for:
           sourceNullC :: Monad m => Producer m a
[8 of 8] Compiling Data.Conduit.Lift ( Data\Conduit\Lift.hs, .stack-work\dist\b7fec021\build\Data\Conduit\Lift.o )

Data\Conduit\Lift.hs:78:1: warning: [-Wdeprecations]
    Module `Control.Monad.Trans.Error' is deprecated:
      Use Control.Monad.Trans.Except instead

Data\Conduit\Lift.hs:129:26: warning: [-Wdeprecations]
    In the use of type constructor or class `ErrorT'
    (imported from Control.Monad.Trans.Error):
    Deprecated: "Use Control.Monad.Trans.Except instead"

Data\Conduit\Lift.hs:129:56: warning: [-Wdeprecations]
    In the use of type constructor or class `Error'
    (imported from Control.Monad.Trans.Error):
    Deprecated: "Use Control.Monad.Trans.Except instead"

Data\Conduit\Lift.hs:131:29: warning: [-Wdeprecations]
    In the use of type constructor or class `ErrorT'
    (imported from Control.Monad.Trans.Error):
    Deprecated: "Use Control.Monad.Trans.Except instead"

Data\Conduit\Lift.hs:134:12: warning: [-Wdeprecations]
    In the use of data constructor `ErrorT'
    (imported from Control.Monad.Trans.Error):
    Deprecated: "Use Control.Monad.Trans.Except instead"

Data\Conduit\Lift.hs:139:1: warning: [-Wredundant-constraints]
    * Redundant constraint: E.Error e
    * In the type signature for:
           runErrorC :: (Monad m, E.Error e) =>
                        ConduitM i o (E.ErrorT e m) r -> ConduitM i o m (Either e r)

Data\Conduit\Lift.hs:140:16: warning: [-Wdeprecations]
    In the use of type constructor or class `Error'
    (imported from Control.Monad.Trans.Error):
    Deprecated: "Use Control.Monad.Trans.Except instead"

Data\Conduit\Lift.hs:141:20: warning: [-Wdeprecations]
    In the use of type constructor or class `ErrorT'
    (imported from Control.Monad.Trans.Error):
    Deprecated: "Use Control.Monad.Trans.Except instead"

Data\Conduit\Lift.hs:146:25: warning: [-Wdeprecations]
    In the use of `runErrorT'
    (imported from Control.Monad.Trans.Error):
    Deprecated: "Use Control.Monad.Trans.Except instead"

Data\Conduit\Lift.hs:151:56: warning: [-Wdeprecations]
    In the use of `runErrorT'
    (imported from Control.Monad.Trans.Error):
    Deprecated: "Use Control.Monad.Trans.Except instead"

Data\Conduit\Lift.hs:160:16: warning: [-Wdeprecations]
    In the use of type constructor or class `Error'
    (imported from Control.Monad.Trans.Error):
    Deprecated: "Use Control.Monad.Trans.Except instead"

Data\Conduit\Lift.hs:161:20: warning: [-Wdeprecations]
    In the use of type constructor or class `ErrorT'
    (imported from Control.Monad.Trans.Error):
    Deprecated: "Use Control.Monad.Trans.Except instead"

Data\Conduit\Lift.hs:162:29: warning: [-Wdeprecations]
    In the use of type constructor or class `ErrorT'
    (imported from Control.Monad.Trans.Error):
    Deprecated: "Use Control.Monad.Trans.Except instead"

Data\Conduit\Lift.hs:163:23: warning: [-Wdeprecations]
    In the use of type constructor or class `ErrorT'
    (imported from Control.Monad.Trans.Error):
    Deprecated: "Use Control.Monad.Trans.Except instead"

Data\Conduit\Lift.hs:168:32: warning: [-Wdeprecations]
    In the use of `runErrorT'
    (imported from Control.Monad.Trans.Error):
    Deprecated: "Use Control.Monad.Trans.Except instead"
Installing library in
C:\Users\Artur\AppData\Roaming\stack\snapshots\3f5948c6\lib\x86_64-windows-ghc-8.0.1\conduit-1.2.8-5fgvzhyiRP8I8gw0elzssW
Registering conduit-1.2.8...
