Configuring ConfigFile-1.1.4...
Building ConfigFile-1.1.4...
Preprocessing library ConfigFile-1.1.4...

on the commandline: warning:
    -XOverlappingInstances is deprecated: instead use per-instance pragmas OVERLAPPING/OVERLAPPABLE/OVERLAPS

src\Data\ConfigFile.hs:1:36: warning:
    -XOverlappingInstances is deprecated: instead use per-instance pragmas OVERLAPPING/OVERLAPPABLE/OVERLAPS
[1 of 5] Compiling Data.ConfigFile.Lexer ( src\Data\ConfigFile\Lexer.hs, .stack-work\dist\b7fec021\build\Data\ConfigFile\Lexer.o )

src\Data\ConfigFile\Lexer.hs:53:22: warning: [-Wunused-do-bind]
    A do-notation statement discarded a result of type `String'
    Suppress this warning by saying `_ <- eol'

src\Data\ConfigFile\Lexer.hs:60:19: warning: [-Wunused-do-bind]
    A do-notation statement discarded a result of type `Char'
    Suppress this warning by saying
      `_ <- (<?>) comment_chars "start of comment"'

src\Data\ConfigFile\Lexer.hs:61:19: warning: [-Wunused-do-bind]
    A do-notation statement discarded a result of type `[Char]'
    Suppress this warning by saying
      `_ <- (<?>) (($) many noneOf "\r\n") "content of comment"'

src\Data\ConfigFile\Lexer.hs:66:17: warning: [-Wunused-do-bind]
    A do-notation statement discarded a result of type `[Char]'
    Suppress this warning by saying `_ <- many (whitespace_chars)'

src\Data\ConfigFile\Lexer.hs:72:17: warning: [-Wunused-do-bind]
    A do-notation statement discarded a result of type `Char'
    Suppress this warning by saying _ <- char '['

src\Data\ConfigFile\Lexer.hs:74:17: warning: [-Wunused-do-bind]
    A do-notation statement discarded a result of type `Char'
    Suppress this warning by saying _ <- char ']'

src\Data\ConfigFile\Lexer.hs:83:21: warning: [-Wunused-do-bind]
    A do-notation statement discarded a result of type `[Char]'
    Suppress this warning by saying `_ <- many1 (whitespace_chars)'

src\Data\ConfigFile\Lexer.hs:94:43: warning: [-Wunused-do-bind]
    A do-notation statement discarded a result of type `Char'
    Suppress this warning by saying `_ <- optionsep'
[2 of 5] Compiling Data.ConfigFile.Types ( src\Data\ConfigFile\Types.hs, .stack-work\dist\b7fec021\build\Data\ConfigFile\Types.o )

src\Data\ConfigFile\Types.hs:38:1: warning: [-Wunused-imports]
    The import of `Data.Char' is redundant
      except perhaps to import instances from `Data.Char'
    To import instances alone, use: import Data.Char()

src\Data\ConfigFile\Types.hs:39:1: warning: [-Wdeprecations]
    Module `Control.Monad.Error' is deprecated:
      Use Control.Monad.Except instead

src\Data\ConfigFile\Types.hs:76:10: warning: [-Wdeprecations]
    In the use of type constructor or class `Error'
    (imported from Control.Monad.Error, but defined in transformers-0.5.2.0:Control.Monad.Trans.Error):
    Deprecated: "Use Control.Monad.Trans.Except instead"

src\Data\ConfigFile\Types.hs:76:10: warning: [-Wdeprecations]
    In the use of type constructor or class `Error'
    (imported from Control.Monad.Error, but defined in transformers-0.5.2.0:Control.Monad.Trans.Error):
    Deprecated: "Use Control.Monad.Trans.Except instead"
[3 of 5] Compiling Data.ConfigFile.Parser ( src\Data\ConfigFile\Parser.hs, .stack-work\dist\b7fec021\build\Data\ConfigFile\Parser.o )

src\Data\ConfigFile\Parser.hs:36:1: warning: [-Wdeprecations]
    Module `Control.Monad.Error' is deprecated:
      Use Control.Monad.Except instead

src\Data\ConfigFile\Parser.hs:135:13: warning: [-Wunused-do-bind]
    A do-notation statement discarded a result of type `String'
    Suppress this warning by saying `_ <- string "%("'

src\Data\ConfigFile\Parser.hs:137:13: warning: [-Wunused-do-bind]
    A do-notation statement discarded a result of type `String'
    Suppress this warning by saying
      `_ <- (<?>) string ")s" "end of interpolation name"'

src\Data\ConfigFile\Parser.hs:142:14: warning: [-Wunused-do-bind]
    A do-notation statement discarded a result of type `String'
    Suppress this warning by saying `_ <- string "%%"'
[4 of 5] Compiling Data.ConfigFile  ( src\Data\ConfigFile.hs, .stack-work\dist\b7fec021\build\Data\ConfigFile.o )

src\Data\ConfigFile.hs:106:1: warning: [-Wunused-imports]
    The import of `Data.List' is redundant
      except perhaps to import instances from `Data.List'
    To import instances alone, use: import Data.List()

src\Data\ConfigFile.hs:109:1: warning: [-Wdeprecations]
    Module `Control.Monad.Error' is deprecated:
      Use Control.Monad.Except instead
[5 of 5] Compiling Data.ConfigFile.Monadic ( src\Data\ConfigFile\Monadic.hs, .stack-work\dist\b7fec021\build\Data\ConfigFile\Monadic.o )

src\Data\ConfigFile\Monadic.hs:13:1: warning: [-Wdeprecations]
    Module `Control.Monad.Error' is deprecated:
      Use Control.Monad.Except instead
Installing library in
C:\Users\Artur\AppData\Roaming\stack\snapshots\3f5948c6\lib\x86_64-windows-ghc-8.0.1\ConfigFile-1.1.4-BC29PBXDlSL8Xo9HM7wQpB
Registering ConfigFile-1.1.4...
