Configuring fsnotify-0.2.1...
Building fsnotify-0.2.1...
Preprocessing library fsnotify-0.2.1...
[1 of 7] Compiling System.FSNotify.Path ( src\System\FSNotify\Path.hs, .stack-work\dist\b7fec021\build\System\FSNotify\Path.o )

src\System\FSNotify\Path.hs:17:1: warning: [-Wunused-imports]
    The import of `Control.Applicative' is redundant
      except perhaps to import instances from `Control.Applicative'
    To import instances alone, use: import Control.Applicative()
[2 of 7] Compiling System.FSNotify.Types ( src\System\FSNotify\Types.hs, .stack-work\dist\b7fec021\build\System\FSNotify\Types.o )
[3 of 7] Compiling System.FSNotify.Listener ( src\System\FSNotify\Listener.hs, .stack-work\dist\b7fec021\build\System\FSNotify\Listener.o )
[4 of 7] Compiling System.FSNotify.Win32 ( src\System\FSNotify\Win32.hs, .stack-work\dist\b7fec021\build\System\FSNotify\Win32.o )
[5 of 7] Compiling System.FSNotify.Polling ( src\System\FSNotify\Polling.hs, .stack-work\dist\b7fec021\build\System\FSNotify\Polling.o )

src\System\FSNotify\Polling.hs:14:1: warning: [-Wunused-imports]
    The import of `Control.Applicative' is redundant
      except perhaps to import instances from `Control.Applicative'
    To import instances alone, use: import Control.Applicative()
[6 of 7] Compiling System.FSNotify  ( src\System\FSNotify.hs, .stack-work\dist\b7fec021\build\System\FSNotify.o )

src\System\FSNotify.hs:67:1: warning: [-Wunused-imports]
    The import of `Control.Applicative' is redundant
      except perhaps to import instances from `Control.Applicative'
    To import instances alone, use: import Control.Applicative()
[7 of 7] Compiling System.FSNotify.Devel ( src\System\FSNotify\Devel.hs, .stack-work\dist\b7fec021\build\System\FSNotify\Devel.o )

src\System\FSNotify\Devel.hs:52:1: warning: [-Wredundant-constraints]
    * Redundant constraint: Monad m
    * In the type signature for:
           doAllEvents :: Monad m => (FilePath -> m ()) -> Event -> m ()
Installing library in
C:\Users\Artur\AppData\Roaming\stack\snapshots\3f5948c6\lib\x86_64-windows-ghc-8.0.1\fsnotify-0.2.1-DsuYTKfSFTmIQ1fDpedl3o
Registering fsnotify-0.2.1...
